{
  "numFailedTestSuites": 0,
  "numFailedTests": 0,
  "numPassedTestSuites": 1,
  "numPassedTests": 2,
  "numPendingTestSuites": 0,
  "numPendingTests": 0,
  "numRuntimeErrorTestSuites": 0,
  "numTodoTests": 0,
  "numTotalTestSuites": 1,
  "numTotalTests": 2,
  "openHandles": [],
  "snapshot": {
    "added": 0,
    "didUpdate": false,
    "failure": false,
    "filesAdded": 0,
    "filesRemoved": 0,
    "filesRemovedList": [],
    "filesUnmatched": 0,
    "filesUpdated": 0,
    "matched": 0,
    "total": 0,
    "unchecked": 0,
    "uncheckedKeysByFile": [],
    "unmatched": 0,
    "updated": 0
  },
  "startTime": 1592643640823,
  "success": false,
  "testResults": [
    {
      "leaks": false,
      "numFailingTests": 0,
      "numPassingTests": 2,
      "numPendingTests": 0,
      "numTodoTests": 0,
      "openHandles": [],
      "perfStats": {
        "end": 1592643646573,
        "start": 1592643640885
      },
      "skipped": false,
      "snapshot": {
        "added": 0,
        "fileDeleted": false,
        "matched": 0,
        "unchecked": 0,
        "unmatched": 0,
        "updated": 0,
        "uncheckedKeys": []
      },
      "testFilePath": "/home/loia5tqd001/Desktop/sPhoneTesting/test/providers-page/add-a-provider.spec.js",
      "testResults": [
        {
          "ancestorTitles": [
            "Add a provider"
          ],
          "duration": 759,
          "failureMessages": [],
          "fullName": "Add a provider redirect to the \"create\" route when click button \"Thêm mới\"",
          "location": null,
          "numPassingAsserts": 0,
          "status": "passed",
          "title": "redirect to the \"create\" route when click button \"Thêm mới\""
        },
        {
          "ancestorTitles": [
            "Add a provider"
          ],
          "duration": 528,
          "failureMessages": [],
          "fullName": "Add a provider inputs are empty when the \"create\" route first loaded",
          "location": null,
          "numPassingAsserts": 0,
          "status": "passed",
          "title": "inputs are empty when the \"create\" route first loaded"
        }
      ],
      "failureMessage": null
    }
  ],
  "wasInterrupted": false
}