{
  "numFailedTestSuites": 0,
  "numFailedTests": 0,
  "numPassedTestSuites": 1,
  "numPassedTests": 2,
  "numPendingTestSuites": 0,
  "numPendingTests": 0,
  "numRuntimeErrorTestSuites": 0,
  "numTodoTests": 0,
  "numTotalTestSuites": 1,
  "numTotalTests": 2,
  "openHandles": [],
  "snapshot": {
    "added": 0,
    "didUpdate": false,
    "failure": false,
    "filesAdded": 0,
    "filesRemoved": 0,
    "filesRemovedList": [],
    "filesUnmatched": 0,
    "filesUpdated": 0,
    "matched": 0,
    "total": 0,
    "unchecked": 0,
    "uncheckedKeysByFile": [],
    "unmatched": 0,
    "updated": 0
  },
  "startTime": 1592543460161,
  "success": false,
  "testResults": [
    {
      "leaks": false,
      "numFailingTests": 0,
      "numPassingTests": 2,
      "numPendingTests": 0,
      "numTodoTests": 0,
      "openHandles": [],
      "perfStats": {
        "end": 1592543467536,
        "start": 1592543460232
      },
      "skipped": false,
      "snapshot": {
        "added": 0,
        "fileDeleted": false,
        "matched": 0,
        "unchecked": 0,
        "unmatched": 0,
        "updated": 0,
        "uncheckedKeys": []
      },
      "testFilePath": "/home/loia5tqd001/Desktop/sPhoneTesting/test/google-page.test.js",
      "testResults": [
        {
          "ancestorTitles": [
            "Searching"
          ],
          "duration": 3929,
          "failureMessages": [],
          "fullName": "Searching search for \"webdriver\"",
          "location": null,
          "numPassingAsserts": 0,
          "status": "passed",
          "title": "search for \"webdriver\""
        },
        {
          "ancestorTitles": [
            "Searching"
          ],
          "duration": 2734,
          "failureMessages": [],
          "fullName": "Searching search for \"uit\"",
          "location": null,
          "numPassingAsserts": 0,
          "status": "passed",
          "title": "search for \"uit\""
        }
      ],
      "failureMessage": null
    }
  ],
  "wasInterrupted": false
}